<?xml version="1.0" encoding="UTF-8"?>
<testng-results ignored="0" total="2" passed="2" failed="0" skipped="0">
  <reporter-output>
  </reporter-output>
  <suite started-at="2021-12-03T09:55:48Z" name="Default suite" finished-at="2021-12-03T09:56:28Z" duration-ms="39752">
    <groups>
    </groups>
    <test started-at="2021-12-03T09:55:48Z" name="Default test" finished-at="2021-12-03T09:56:28Z" duration-ms="39752">
      <class name="Vodafon.Vodafon.BuyFromCatogry">
        <test-method is-config="true" signature="openBrowser()[pri:0, instance:Vodafon.Vodafon.BuyFromCatogry@398dada8]" started-at="2021-12-03T09:55:48Z" name="openBrowser" finished-at="2021-12-03T09:56:02Z" duration-ms="13387" status="PASS">
          <reporter-output>
          </reporter-output>
        </test-method> <!-- openBrowser -->
        <test-method signature="userLogin()[pri:1, instance:Vodafon.Vodafon.BuyFromCatogry@398dada8]" started-at="2021-12-03T09:56:02Z" name="userLogin" finished-at="2021-12-03T09:56:15Z" duration-ms="13570" status="PASS">
          <reporter-output>
          </reporter-output>
        </test-method> <!-- userLogin -->
        <test-method signature="addItemToCard()[pri:2, instance:Vodafon.Vodafon.BuyFromCatogry@398dada8]" started-at="2021-12-03T09:56:15Z" name="addItemToCard" finished-at="2021-12-03T09:56:28Z" duration-ms="12748" status="PASS">
          <reporter-output>
          </reporter-output>
        </test-method> <!-- addItemToCard -->
      </class> <!-- Vodafon.Vodafon.BuyFromCatogry -->
    </test> <!-- Default test -->
  </suite> <!-- Default suite -->
</testng-results>
